2024-11-09 20:11:42.183 +03:00 [DBG] Registered model binder providers, in the following order: ["Asp.Versioning.ApiVersionModelBinderProvider","Microsoft.AspNetCore.Mvc.ModelBinding.Binders.BinderTypeModelBinderProvider","Microsoft.AspNetCore.Mvc.ModelBinding.Binders.ServicesModelBinderProvider","Microsoft.AspNetCore.Mvc.ModelBinding.Binders.BodyModelBinderProvider","Microsoft.AspNetCore.Mvc.ModelBinding.Binders.HeaderModelBinderProvider","Microsoft.AspNetCore.Mvc.ModelBinding.Binders.FloatingPointTypeModelBinderProvider","Microsoft.AspNetCore.Mvc.ModelBinding.Binders.EnumTypeModelBinderProvider","Microsoft.AspNetCore.Mvc.ModelBinding.Binders.DateTimeModelBinderProvider","Microsoft.AspNetCore.Mvc.ModelBinding.Binders.SimpleTypeModelBinderProvider","Microsoft.AspNetCore.Mvc.ModelBinding.Binders.TryParseModelBinderProvider","Microsoft.AspNetCore.Mvc.ModelBinding.Binders.CancellationTokenModelBinderProvider","Microsoft.AspNetCore.Mvc.ModelBinding.Binders.ByteArrayModelBinderProvider","Microsoft.AspNetCore.Mvc.ModelBinding.Binders.FormFileModelBinderProvider","Microsoft.AspNetCore.Mvc.ModelBinding.Binders.FormCollectionModelBinderProvider","Microsoft.AspNetCore.Mvc.ModelBinding.Binders.KeyValuePairModelBinderProvider","Microsoft.AspNetCore.Mvc.ModelBinding.Binders.DictionaryModelBinderProvider","Microsoft.AspNetCore.Mvc.ModelBinding.Binders.ArrayModelBinderProvider","Microsoft.AspNetCore.Mvc.ModelBinding.Binders.CollectionModelBinderProvider","Microsoft.AspNetCore.Mvc.ModelBinding.Binders.ComplexObjectModelBinderProvider"]
2024-11-09 20:11:42.262 +03:00 [DBG] Hosting starting
2024-11-09 20:11:42.284 +03:00 [INF] User profile is available. Using 'C:\Users\salma\AppData\Local\ASP.NET\DataProtection-Keys' as key repository and Windows DPAPI to encrypt keys at rest.
2024-11-09 20:11:42.293 +03:00 [DBG] Reading data from file 'C:\Users\salma\AppData\Local\ASP.NET\DataProtection-Keys\key-cd339a0a-63da-49f9-9f35-7cbb1c225280.xml'.
2024-11-09 20:11:42.327 +03:00 [DBG] Found key {cd339a0a-63da-49f9-9f35-7cbb1c225280}.
2024-11-09 20:11:42.340 +03:00 [DBG] Considering key {cd339a0a-63da-49f9-9f35-7cbb1c225280} with expiration date 2025-01-26 20:09:59Z as default key.
2024-11-09 20:11:42.347 +03:00 [DBG] Forwarded activator type request from Microsoft.AspNetCore.DataProtection.XmlEncryption.DpapiXmlDecryptor, Microsoft.AspNetCore.DataProtection, Version=8.0.0.0, Culture=neutral, PublicKeyToken=adb9793829ddae60 to Microsoft.AspNetCore.DataProtection.XmlEncryption.DpapiXmlDecryptor, Microsoft.AspNetCore.DataProtection, Culture=neutral, PublicKeyToken=adb9793829ddae60
2024-11-09 20:11:42.351 +03:00 [DBG] Decrypting secret element using Windows DPAPI.
2024-11-09 20:11:42.354 +03:00 [DBG] Forwarded activator type request from Microsoft.AspNetCore.DataProtection.AuthenticatedEncryption.ConfigurationModel.AuthenticatedEncryptorDescriptorDeserializer, Microsoft.AspNetCore.DataProtection, Version=8.0.0.0, Culture=neutral, PublicKeyToken=adb9793829ddae60 to Microsoft.AspNetCore.DataProtection.AuthenticatedEncryption.ConfigurationModel.AuthenticatedEncryptorDescriptorDeserializer, Microsoft.AspNetCore.DataProtection, Culture=neutral, PublicKeyToken=adb9793829ddae60
2024-11-09 20:11:42.363 +03:00 [DBG] Opening CNG algorithm 'AES' from provider 'null' with chaining mode CBC.
2024-11-09 20:11:42.366 +03:00 [DBG] Opening CNG algorithm 'SHA256' from provider 'null' with HMAC.
2024-11-09 20:11:42.369 +03:00 [DBG] Using key {cd339a0a-63da-49f9-9f35-7cbb1c225280} as the default key.
2024-11-09 20:11:42.371 +03:00 [DBG] Key ring with default key {cd339a0a-63da-49f9-9f35-7cbb1c225280} was loaded during application startup.
2024-11-09 20:11:42.479 +03:00 [INF] Now listening on: https://localhost:8888
2024-11-09 20:11:42.481 +03:00 [DBG] Loaded hosting startup assembly MyCitiesInfo.API
2024-11-09 20:11:42.488 +03:00 [INF] Application started. Press Ctrl+C to shut down.
2024-11-09 20:11:42.489 +03:00 [INF] Hosting environment: Development
2024-11-09 20:11:42.491 +03:00 [INF] Content root path: C:\Users\salma\MyDotNetCoreExperiments\MyCitiesInfo\MyCitiesInfo.API
2024-11-09 20:11:42.492 +03:00 [DBG] Hosting started
2024-11-09 20:12:15.680 +03:00 [INF] Application is shutting down...
2024-11-09 20:12:15.682 +03:00 [DBG] Hosting stopping
2024-11-09 20:12:15.692 +03:00 [DBG] Hosting stopped
